<?xml version="1.0" encoding="utf-8"?><testsuites><testsuite name="pytest" errors="0" failures="0" skipped="3" tests="4" time="0.195" timestamp="2024-05-06T10:38:32.621929" hostname="Edgars-MBP.lan"><testcase classname="unit_tests.teva.utilities.test_binary_targets" name="test_bin2cell" time="0.000"><skipped type="pytest.skip" message="Test Not Yet Implemented">/Users/edgarlepe/Developer/Transcend/teva/unit_tests/teva/utilities/test_binary_targets.py:4: Test Not Yet Implemented</skipped></testcase><testcase classname="unit_tests.teva.utilities.test_binary_targets" name="test_data2bin" time="0.000"><skipped type="pytest.skip" message="Test Not Yet Implemented">/Users/edgarlepe/Developer/Transcend/teva/unit_tests/teva/utilities/test_binary_targets.py:7: Test Not Yet Implemented</skipped></testcase><testcase classname="unit_tests.teva.utilities.test_hyge" name="test_hygepmf" time="0.000" /><testcase classname="unit_tests.teva.utilities.test_hyge" name="test_hygcontours" time="0.000"><skipped type="pytest.skip" message="Test Not Yet Implemented">/Users/edgarlepe/Developer/Transcend/teva/unit_tests/teva/utilities/test_hyge.py:16: Test Not Yet Implemented</skipped></testcase></testsuite></testsuites>